Build started 2014-11-02 오후 11:36:39.
     1>Project "E:\11work\algorithmchangwon\TreeStructure\TreeStructure\TreeStructure.vcxproj" on node 2 (build target(s)).
       Project file contains ToolsVersion="12.0". This toolset is unknown or missing. You may be able to resolve this by installing the appropriate .NET Framework for this toolset. Treating the project as if it had ToolsVersion="4.0".
     1>InitializeBuildStatus:
         Creating "Debug\TreeStructure.unsuccessfulbuild" because "AlwaysCreate" was specified.
       ClCompile:
         C:\Program Files (x86)\Microsoft Visual Studio 10.0\VC\bin\CL.exe /c /ZI /nologo /W3 /WX- /Od /Oy- /D WIN32 /D _DEBUG /D _CONSOLE /D _LIB /D _UNICODE /D UNICODE /Gm /EHsc /RTC1 /MDd /GS /fp:precise /Zc:wchar_t /Zc:forScope /Fo"Debug\\" /Fd"Debug\vc100.pdb" /Gd /TP /analyze- /errorReport:prompt RedBlackTree.cpp
         RedBlackTree.cpp
       ManifestResourceCompile:
         All outputs are up-to-date.
       Link:
         C:\Program Files (x86)\Microsoft Visual Studio 10.0\VC\bin\link.exe /ERRORREPORT:PROMPT /OUT:"E:\11work\algorithmchangwon\TreeStructure\Debug\TreeStructure.exe" /INCREMENTAL /NOLOGO kernel32.lib user32.lib gdi32.lib winspool.lib comdlg32.lib advapi32.lib shell32.lib ole32.lib oleaut32.lib uuid.lib odbc32.lib odbccp32.lib /MANIFEST /ManifestFile:"Debug\TreeStructure.exe.intermediate.manifest" /MANIFESTUAC:"level='asInvoker' uiAccess='false'" /DEBUG /PDB:"E:\11work\algorithmchangwon\TreeStructure\Debug\TreeStructure.pdb" /SUBSYSTEM:CONSOLE /TLBID:1 /DYNAMICBASE /NXCOMPAT /IMPLIB:"E:\11work\algorithmchangwon\TreeStructure\Debug\TreeStructure.lib" /MACHINE:X86 Debug\TreeStructure.exe.embed.manifest.res
         Debug\BinarySearchTree.obj
         Debug\BinaryTree.obj
         Debug\CalculatorStack.obj
         Debug\LCRSTree.obj
         Debug\main.obj
         Debug\RedBlackTree.obj
       Manifest:
         C:\Program Files (x86)\Microsoft SDKs\Windows\v7.0A\bin\mt.exe /nologo /verbose /out:"Debug\TreeStructure.exe.embed.manifest" /manifest Debug\TreeStructure.exe.intermediate.manifest
         All outputs are up-to-date.
       LinkEmbedManifest:
         All outputs are up-to-date.
         TreeStructure.vcxproj -> E:\11work\algorithmchangwon\TreeStructure\Debug\TreeStructure.exe
       FinalizeBuildStatus:
         Deleting file "Debug\TreeStructure.unsuccessfulbuild".
         Touching "Debug\TreeStructure.lastbuildstate".
     1>Done Building Project "E:\11work\algorithmchangwon\TreeStructure\TreeStructure\TreeStructure.vcxproj" (build target(s)).

Build succeeded.

Time Elapsed 00:00:01.92
