Build started 2014-09-07 오후 11:44:47.
     1>Project "E:\11work\algorithmchangwon\BinarySearchTree\BinarySearchTree\BinarySearchTree.vcxproj" on node 2 (build target(s)).
     1>InitializeBuildStatus:
         Creating "Debug\BinarySearchTree.unsuccessfulbuild" because "AlwaysCreate" was specified.
       ClCompile:
         C:\Program Files (x86)\Microsoft Visual Studio 10.0\VC\bin\CL.exe /c /ZI /nologo /W3 /WX- /Od /Oy- /D WIN32 /D _DEBUG /D _CONSOLE /D _UNICODE /D UNICODE /Gm /EHsc /RTC1 /MDd /GS /fp:precise /Zc:wchar_t /Zc:forScope /Fo"Debug\\" /Fd"Debug\vc100.pdb" /Gd /TP /analyze- /errorReport:prompt main_binarysearchtree.cpp
         main_binarysearchtree.cpp
       ManifestResourceCompile:
         All outputs are up-to-date.
       Link:
         C:\Program Files (x86)\Microsoft Visual Studio 10.0\VC\bin\link.exe /ERRORREPORT:PROMPT /OUT:"E:\11work\algorithmchangwon\BinarySearchTree\Debug\BinarySearchTree.exe" /INCREMENTAL /NOLOGO kernel32.lib user32.lib gdi32.lib winspool.lib comdlg32.lib advapi32.lib shell32.lib ole32.lib oleaut32.lib uuid.lib odbc32.lib odbccp32.lib /MANIFEST /ManifestFile:"Debug\BinarySearchTree.exe.intermediate.manifest" /MANIFESTUAC:"level='asInvoker' uiAccess='false'" /DEBUG /PDB:"E:\11work\algorithmchangwon\BinarySearchTree\Debug\BinarySearchTree.pdb" /SUBSYSTEM:CONSOLE /TLBID:1 /DYNAMICBASE /NXCOMPAT /IMPLIB:"E:\11work\algorithmchangwon\BinarySearchTree\Debug\BinarySearchTree.lib" /MACHINE:X86 Debug\BinarySearchTree.exe.embed.manifest.res
         Debug\main_binarysearchtree.obj
       Manifest:
         C:\Program Files (x86)\Microsoft SDKs\Windows\v7.0A\bin\mt.exe /nologo /verbose /out:"Debug\BinarySearchTree.exe.embed.manifest" /manifest Debug\BinarySearchTree.exe.intermediate.manifest
         All outputs are up-to-date.
       LinkEmbedManifest:
         All outputs are up-to-date.
         BinarySearchTree.vcxproj -> E:\11work\algorithmchangwon\BinarySearchTree\Debug\BinarySearchTree.exe
       FinalizeBuildStatus:
         Deleting file "Debug\BinarySearchTree.unsuccessfulbuild".
         Touching "Debug\BinarySearchTree.lastbuildstate".
     1>Done Building Project "E:\11work\algorithmchangwon\BinarySearchTree\BinarySearchTree\BinarySearchTree.vcxproj" (build target(s)).

Build succeeded.

Time Elapsed 00:00:01.18
