Build started 2014-08-08 오전 10:48:01.
     1>Project "E:\11work\algorithmchangwon\algorithm_stl\algorithm_stl\algorithm_stl.vcxproj" on node 2 (build target(s)).
     1>InitializeBuildStatus:
         Creating "Debug\algorithm_stl.unsuccessfulbuild" because "AlwaysCreate" was specified.
       ClCompile:
         C:\Program Files (x86)\Microsoft Visual Studio 10.0\VC\bin\CL.exe /c /ZI /nologo /W3 /WX- /Od /Oy- /D WIN32 /D _DEBUG /D _CONSOLE /D _UNICODE /D UNICODE /Gm /EHsc /RTC1 /MDd /GS /fp:precise /Zc:wchar_t /Zc:forScope /Fo"Debug\\" /Fd"Debug\vc100.pdb" /Gd /TP /analyze- /errorReport:prompt stl.cpp
         stl.cpp
     1>e:\11work\algorithmchangwon\algorithm_stl\algorithm_stl\stl.cpp(18): warning C4996: 'strcpy': This function or variable may be unsafe. Consider using strcpy_s instead. To disable deprecation, use _CRT_SECURE_NO_WARNINGS. See online help for details.
                 c:\program files (x86)\microsoft visual studio 10.0\vc\include\string.h(105) : see declaration of 'strcpy'
     1>e:\11work\algorithmchangwon\algorithm_stl\algorithm_stl\stl.cpp(24): warning C4996: 'strcpy': This function or variable may be unsafe. Consider using strcpy_s instead. To disable deprecation, use _CRT_SECURE_NO_WARNINGS. See online help for details.
                 c:\program files (x86)\microsoft visual studio 10.0\vc\include\string.h(105) : see declaration of 'strcpy'
       ManifestResourceCompile:
         All outputs are up-to-date.
       Link:
         C:\Program Files (x86)\Microsoft Visual Studio 10.0\VC\bin\link.exe /ERRORREPORT:PROMPT /OUT:"E:\11work\algorithmchangwon\algorithm_stl\Debug\algorithm_stl.exe" /INCREMENTAL /NOLOGO kernel32.lib user32.lib gdi32.lib winspool.lib comdlg32.lib advapi32.lib shell32.lib ole32.lib oleaut32.lib uuid.lib odbc32.lib odbccp32.lib /MANIFEST /ManifestFile:"Debug\algorithm_stl.exe.intermediate.manifest" /MANIFESTUAC:"level='asInvoker' uiAccess='false'" /DEBUG /PDB:"E:\11work\algorithmchangwon\algorithm_stl\Debug\algorithm_stl.pdb" /SUBSYSTEM:CONSOLE /TLBID:1 /DYNAMICBASE /NXCOMPAT /IMPLIB:"E:\11work\algorithmchangwon\algorithm_stl\Debug\algorithm_stl.lib" /MACHINE:X86 Debug\algorithm_stl.exe.embed.manifest.res
         Debug\stl.obj
       Manifest:
         C:\Program Files (x86)\Microsoft SDKs\Windows\v7.0A\bin\mt.exe /nologo /verbose /out:"Debug\algorithm_stl.exe.embed.manifest" /manifest Debug\algorithm_stl.exe.intermediate.manifest
         All outputs are up-to-date.
       LinkEmbedManifest:
         All outputs are up-to-date.
         algorithm_stl.vcxproj -> E:\11work\algorithmchangwon\algorithm_stl\Debug\algorithm_stl.exe
       FinalizeBuildStatus:
         Deleting file "Debug\algorithm_stl.unsuccessfulbuild".
         Touching "Debug\algorithm_stl.lastbuildstate".
     1>Done Building Project "E:\11work\algorithmchangwon\algorithm_stl\algorithm_stl\algorithm_stl.vcxproj" (build target(s)).

Build succeeded.

Time Elapsed 00:00:01.95
